<?xml version="1.0" encoding="UTF-8"?>
<coverage generated="1595942531">
  <project timestamp="1595942531">
    <package name="App\Console">
      <file name="/home/evg/project1/php-project-lvl4/app/Console/Kernel.php">
        <class name="App\Console\Kernel" namespace="App\Console">
          <metrics complexity="2" methods="2" coveredmethods="1" conditionals="0" coveredconditionals="0" statements="4" coveredstatements="3" elements="6" coveredelements="4"/>
        </class>
        <line num="25" type="method" name="schedule" visibility="protected" complexity="1" crap="2" count="0"/>
        <line num="28" type="stmt" count="0"/>
        <line num="35" type="method" name="commands" visibility="protected" complexity="1" crap="1" count="17"/>
        <line num="37" type="stmt" count="17"/>
        <line num="39" type="stmt" count="17"/>
        <line num="40" type="stmt" count="17"/>
        <metrics loc="41" ncloc="21" classes="1" methods="2" coveredmethods="1" conditionals="0" coveredconditionals="0" statements="4" coveredstatements="3" elements="6" coveredelements="4"/>
      </file>
    </package>
    <package name="App\Exceptions">
      <file name="/home/evg/project1/php-project-lvl4/app/Exceptions/Handler.php">
        <class name="App\Exceptions\Handler" namespace="App\Exceptions">
          <metrics complexity="2" methods="2" coveredmethods="0" conditionals="0" coveredconditionals="0" statements="3" coveredstatements="0" elements="5" coveredelements="0"/>
        </class>
        <line num="37" type="method" name="report" visibility="public" complexity="1" crap="2" count="0"/>
        <line num="39" type="stmt" count="0"/>
        <line num="40" type="stmt" count="0"/>
        <line num="51" type="method" name="render" visibility="public" complexity="1" crap="2" count="0"/>
        <line num="53" type="stmt" count="0"/>
        <metrics loc="55" ncloc="26" classes="1" methods="2" coveredmethods="0" conditionals="0" coveredconditionals="0" statements="3" coveredstatements="0" elements="5" coveredelements="0"/>
      </file>
    </package>
    <package name="App\Http\Controllers\Auth">
      <file name="/home/evg/project1/php-project-lvl4/app/Http/Controllers/Auth/ConfirmPasswordController.php">
        <class name="App\Http\Controllers\Auth\ConfirmPasswordController" namespace="App\Http\Controllers\Auth">
          <metrics complexity="1" methods="1" coveredmethods="0" conditionals="0" coveredconditionals="0" statements="2" coveredstatements="0" elements="3" coveredelements="0"/>
        </class>
        <line num="35" type="method" name="__construct" visibility="public" complexity="1" crap="2" count="0"/>
        <line num="37" type="stmt" count="0"/>
        <line num="38" type="stmt" count="0"/>
        <metrics loc="39" ncloc="19" classes="1" methods="1" coveredmethods="0" conditionals="0" coveredconditionals="0" statements="2" coveredstatements="0" elements="3" coveredelements="0"/>
      </file>
      <file name="/home/evg/project1/php-project-lvl4/app/Http/Controllers/Auth/ForgotPasswordController.php">
        <class name="App\Http\Controllers\Auth\ForgotPasswordController" namespace="App\Http\Controllers\Auth">
          <metrics complexity="0" methods="0" coveredmethods="0" conditionals="0" coveredconditionals="0" statements="0" coveredstatements="0" elements="0" coveredelements="0"/>
        </class>
        <metrics loc="21" ncloc="11" classes="0" methods="0" coveredmethods="0" conditionals="0" coveredconditionals="0" statements="0" coveredstatements="0" elements="0" coveredelements="0"/>
      </file>
      <file name="/home/evg/project1/php-project-lvl4/app/Http/Controllers/Auth/LoginController.php">
        <class name="App\Http\Controllers\Auth\LoginController" namespace="App\Http\Controllers\Auth">
          <metrics complexity="1" methods="1" coveredmethods="0" conditionals="0" coveredconditionals="0" statements="2" coveredstatements="0" elements="3" coveredelements="0"/>
        </class>
        <line num="35" type="method" name="__construct" visibility="public" complexity="1" crap="2" count="0"/>
        <line num="37" type="stmt" count="0"/>
        <line num="38" type="stmt" count="0"/>
        <metrics loc="39" ncloc="19" classes="1" methods="1" coveredmethods="0" conditionals="0" coveredconditionals="0" statements="2" coveredstatements="0" elements="3" coveredelements="0"/>
      </file>
      <file name="/home/evg/project1/php-project-lvl4/app/Http/Controllers/Auth/RegisterController.php">
        <class name="App\Http\Controllers\Auth\RegisterController" namespace="App\Http\Controllers\Auth">
          <metrics complexity="3" methods="3" coveredmethods="0" conditionals="0" coveredconditionals="0" statements="14" coveredstatements="0" elements="17" coveredelements="0"/>
        </class>
        <line num="39" type="method" name="__construct" visibility="public" complexity="1" crap="2" count="0"/>
        <line num="41" type="stmt" count="0"/>
        <line num="42" type="stmt" count="0"/>
        <line num="50" type="method" name="validator" visibility="protected" complexity="1" crap="2" count="0"/>
        <line num="52" type="stmt" count="0"/>
        <line num="53" type="stmt" count="0"/>
        <line num="67" type="method" name="create" visibility="protected" complexity="1" crap="2" count="0"/>
        <line num="69" type="stmt" count="0"/>
        <line num="70" type="stmt" count="0"/>
        <line num="71" type="stmt" count="0"/>
        <line num="72" type="stmt" count="0"/>
        <line num="73" type="stmt" count="0"/>
        <line num="74" type="stmt" count="0"/>
        <line num="75" type="stmt" count="0"/>
        <line num="76" type="stmt" count="0"/>
        <line num="79" type="stmt" count="0"/>
        <line num="80" type="stmt" count="0"/>
        <metrics loc="82" ncloc="50" classes="1" methods="3" coveredmethods="0" conditionals="0" coveredconditionals="0" statements="14" coveredstatements="0" elements="17" coveredelements="0"/>
      </file>
      <file name="/home/evg/project1/php-project-lvl4/app/Http/Controllers/Auth/ResetPasswordController.php">
        <class name="App\Http\Controllers\Auth\ResetPasswordController" namespace="App\Http\Controllers\Auth">
          <metrics complexity="0" methods="0" coveredmethods="0" conditionals="0" coveredconditionals="0" statements="0" coveredstatements="0" elements="0" coveredelements="0"/>
        </class>
        <metrics loc="29" ncloc="14" classes="0" methods="0" coveredmethods="0" conditionals="0" coveredconditionals="0" statements="0" coveredstatements="0" elements="0" coveredelements="0"/>
      </file>
      <file name="/home/evg/project1/php-project-lvl4/app/Http/Controllers/Auth/VerificationController.php">
        <class name="App\Http\Controllers\Auth\VerificationController" namespace="App\Http\Controllers\Auth">
          <metrics complexity="1" methods="1" coveredmethods="0" conditionals="0" coveredconditionals="0" statements="4" coveredstatements="0" elements="5" coveredelements="0"/>
        </class>
        <line num="35" type="method" name="__construct" visibility="public" complexity="1" crap="2" count="0"/>
        <line num="37" type="stmt" count="0"/>
        <line num="38" type="stmt" count="0"/>
        <line num="39" type="stmt" count="0"/>
        <line num="40" type="stmt" count="0"/>
        <metrics loc="41" ncloc="21" classes="1" methods="1" coveredmethods="0" conditionals="0" coveredconditionals="0" statements="4" coveredstatements="0" elements="5" coveredelements="0"/>
      </file>
    </package>
    <package name="App\Http\Controllers">
      <file name="/home/evg/project1/php-project-lvl4/app/Http/Controllers/Controller.php">
        <class name="App\Http\Controllers\Controller" namespace="App\Http\Controllers">
          <metrics complexity="0" methods="0" coveredmethods="0" conditionals="0" coveredconditionals="0" statements="0" coveredstatements="0" elements="0" coveredelements="0"/>
        </class>
        <metrics loc="15" ncloc="15" classes="0" methods="0" coveredmethods="0" conditionals="0" coveredconditionals="0" statements="0" coveredstatements="0" elements="0" coveredelements="0"/>
      </file>
      <file name="/home/evg/project1/php-project-lvl4/app/Http/Controllers/HomeController.php">
        <class name="App\Http\Controllers\HomeController" namespace="App\Http\Controllers">
          <metrics complexity="2" methods="2" coveredmethods="0" conditionals="0" coveredconditionals="0" statements="4" coveredstatements="0" elements="6" coveredelements="0"/>
        </class>
        <line num="17" type="method" name="__construct" visibility="public" complexity="1" crap="2" count="0"/>
        <line num="19" type="stmt" count="0"/>
        <line num="20" type="stmt" count="0"/>
        <line num="27" type="method" name="index" visibility="public" complexity="1" crap="2" count="0"/>
        <line num="29" type="stmt" count="0"/>
        <line num="30" type="stmt" count="0"/>
        <metrics loc="32" ncloc="22" classes="1" methods="2" coveredmethods="0" conditionals="0" coveredconditionals="0" statements="4" coveredstatements="0" elements="6" coveredelements="0"/>
      </file>
      <file name="/home/evg/project1/php-project-lvl4/app/Http/Controllers/LabelController.php">
        <class name="App\Http\Controllers\LabelController" namespace="App\Http\Controllers">
          <metrics complexity="10" methods="6" coveredmethods="4" conditionals="0" coveredconditionals="0" statements="31" coveredstatements="21" elements="37" coveredelements="25"/>
        </class>
        <line num="13" type="method" name="adminIndex" visibility="public" complexity="2" crap="2" count="1"/>
        <line num="15" type="stmt" count="1"/>
        <line num="16" type="stmt" count="1"/>
        <line num="17" type="stmt" count="1"/>
        <line num="19" type="stmt" count="1"/>
        <line num="20" type="stmt" count="1"/>
        <line num="23" type="method" name="adminDestroy" visibility="public" complexity="2" crap="2.15" count="1"/>
        <line num="25" type="stmt" count="1"/>
        <line num="26" type="stmt" count="1"/>
        <line num="27" type="stmt" count="1"/>
        <line num="28" type="stmt" count="1"/>
        <line num="31" type="stmt" count="0"/>
        <line num="32" type="stmt" count="0"/>
        <line num="40" type="method" name="create" visibility="public" complexity="1" crap="1" count="1"/>
        <line num="42" type="stmt" count="1"/>
        <line num="51" type="method" name="store" visibility="public" complexity="1" crap="1" count="1"/>
        <line num="53" type="stmt" count="1"/>
        <line num="54" type="stmt" count="1"/>
        <line num="57" type="stmt" count="1"/>
        <line num="58" type="stmt" count="1"/>
        <line num="59" type="stmt" count="1"/>
        <line num="60" type="stmt" count="1"/>
        <line num="61" type="stmt" count="1"/>
        <line num="62" type="stmt" count="1"/>
        <line num="71" type="method" name="destroy" visibility="public" complexity="2" crap="2" count="1"/>
        <line num="73" type="stmt" count="1"/>
        <line num="74" type="stmt" count="1"/>
        <line num="76" type="stmt" count="1"/>
        <line num="79" type="method" name="newConnection" visibility="public" complexity="2" crap="6" count="0"/>
        <line num="81" type="stmt" count="0"/>
        <line num="82" type="stmt" count="0"/>
        <line num="85" type="stmt" count="0"/>
        <line num="88" type="stmt" count="0"/>
        <line num="89" type="stmt" count="0"/>
        <line num="90" type="stmt" count="0"/>
        <line num="91" type="stmt" count="0"/>
        <line num="94" type="stmt" count="0"/>
        <metrics loc="97" ncloc="80" classes="1" methods="6" coveredmethods="4" conditionals="0" coveredconditionals="0" statements="31" coveredstatements="21" elements="37" coveredelements="25"/>
      </file>
      <file name="/home/evg/project1/php-project-lvl4/app/Http/Controllers/TaskController.php">
        <class name="App\Http\Controllers\TaskController" namespace="App\Http\Controllers">
          <metrics complexity="16" methods="7" coveredmethods="0" conditionals="0" coveredconditionals="0" statements="65" coveredstatements="47" elements="72" coveredelements="47"/>
        </class>
        <line num="23" type="method" name="index" visibility="public" complexity="2" crap="2.01" count="1"/>
        <line num="25" type="stmt" count="1"/>
        <line num="26" type="stmt" count="1"/>
        <line num="27" type="stmt" count="1"/>
        <line num="28" type="stmt" count="1"/>
        <line num="29" type="stmt" count="1"/>
        <line num="32" type="stmt" count="0"/>
        <line num="33" type="stmt" count="0"/>
        <line num="34" type="stmt" count="1"/>
        <line num="36" type="stmt" count="1"/>
        <line num="37" type="stmt" count="1"/>
        <line num="38" type="stmt" count="1"/>
        <line num="39" type="stmt" count="1"/>
        <line num="40" type="stmt" count="1"/>
        <line num="48" type="method" name="create" visibility="public" complexity="2" crap="2.06" count="1"/>
        <line num="50" type="stmt" count="1"/>
        <line num="51" type="stmt" count="0"/>
        <line num="52" type="stmt" count="0"/>
        <line num="54" type="stmt" count="1"/>
        <line num="55" type="stmt" count="1"/>
        <line num="56" type="stmt" count="1"/>
        <line num="57" type="stmt" count="1"/>
        <line num="59" type="stmt" count="1"/>
        <line num="68" type="method" name="store" visibility="public" complexity="3" crap="3.05" count="1"/>
        <line num="70" type="stmt" count="1"/>
        <line num="71" type="stmt" count="0"/>
        <line num="72" type="stmt" count="0"/>
        <line num="75" type="stmt" count="1"/>
        <line num="76" type="stmt" count="1"/>
        <line num="82" type="stmt" count="1"/>
        <line num="83" type="stmt" count="1"/>
        <line num="84" type="stmt" count="1"/>
        <line num="85" type="stmt" count="1"/>
        <line num="86" type="stmt" count="1"/>
        <line num="87" type="stmt" count="1"/>
        <line num="91" type="stmt" count="1"/>
        <line num="92" type="stmt" count="0"/>
        <line num="94" type="stmt" count="1"/>
        <line num="95" type="stmt" count="1"/>
        <line num="98" type="stmt" count="1"/>
        <line num="99" type="stmt" count="1"/>
        <line num="108" type="method" name="show" visibility="public" complexity="1" crap="2" count="0"/>
        <line num="110" type="stmt" count="0"/>
        <line num="119" type="method" name="edit" visibility="public" complexity="2" crap="2.09" count="1"/>
        <line num="121" type="stmt" count="1"/>
        <line num="122" type="stmt" count="0"/>
        <line num="123" type="stmt" count="0"/>
        <line num="126" type="stmt" count="1"/>
        <line num="127" type="stmt" count="1"/>
        <line num="128" type="stmt" count="1"/>
        <line num="130" type="stmt" count="1"/>
        <line num="140" type="method" name="update" visibility="public" complexity="3" crap="3.18" count="1"/>
        <line num="143" type="stmt" count="1"/>
        <line num="144" type="stmt" count="0"/>
        <line num="145" type="stmt" count="0"/>
        <line num="148" type="stmt" count="1"/>
        <line num="149" type="stmt" count="1"/>
        <line num="155" type="stmt" count="1"/>
        <line num="156" type="stmt" count="0"/>
        <line num="158" type="stmt" count="1"/>
        <line num="159" type="stmt" count="1"/>
        <line num="160" type="stmt" count="1"/>
        <line num="161" type="stmt" count="1"/>
        <line num="170" type="method" name="destroy" visibility="public" complexity="3" crap="5.20" count="1"/>
        <line num="172" type="stmt" count="1"/>
        <line num="173" type="stmt" count="0"/>
        <line num="174" type="stmt" count="0"/>
        <line num="175" type="stmt" count="0"/>
        <line num="176" type="stmt" count="0"/>
        <line num="178" type="stmt" count="0"/>
        <line num="180" type="stmt" count="1"/>
        <line num="181" type="stmt" count="1"/>
        <metrics loc="184" ncloc="137" classes="1" methods="7" coveredmethods="0" conditionals="0" coveredconditionals="0" statements="65" coveredstatements="47" elements="72" coveredelements="47"/>
      </file>
      <file name="/home/evg/project1/php-project-lvl4/app/Http/Controllers/TaskStatusController.php">
        <class name="App\Http\Controllers\TaskStatusController" namespace="App\Http\Controllers">
          <metrics complexity="13" methods="6" coveredmethods="1" conditionals="0" coveredconditionals="0" statements="42" coveredstatements="28" elements="48" coveredelements="29"/>
        </class>
        <line num="18" type="method" name="index" visibility="public" complexity="1" crap="1" count="1"/>
        <line num="20" type="stmt" count="1"/>
        <line num="21" type="stmt" count="1"/>
        <line num="29" type="method" name="create" visibility="public" complexity="2" crap="2.26" count="1"/>
        <line num="31" type="stmt" count="1"/>
        <line num="32" type="stmt" count="1"/>
        <line num="33" type="stmt" count="1"/>
        <line num="35" type="stmt" count="0"/>
        <line num="36" type="stmt" count="0"/>
        <line num="46" type="method" name="store" visibility="public" complexity="2" crap="2.03" count="1"/>
        <line num="48" type="stmt" count="1"/>
        <line num="49" type="stmt" count="1"/>
        <line num="50" type="stmt" count="1"/>
        <line num="53" type="stmt" count="1"/>
        <line num="54" type="stmt" count="1"/>
        <line num="55" type="stmt" count="1"/>
        <line num="56" type="stmt" count="1"/>
        <line num="57" type="stmt" count="1"/>
        <line num="59" type="stmt" count="0"/>
        <line num="60" type="stmt" count="0"/>
        <line num="70" type="method" name="edit" visibility="public" complexity="2" crap="2.26" count="1"/>
        <line num="72" type="stmt" count="1"/>
        <line num="73" type="stmt" count="1"/>
        <line num="74" type="stmt" count="1"/>
        <line num="76" type="stmt" count="0"/>
        <line num="77" type="stmt" count="0"/>
        <line num="88" type="method" name="update" visibility="public" complexity="2" crap="2.04" count="1"/>
        <line num="90" type="stmt" count="1"/>
        <line num="91" type="stmt" count="1"/>
        <line num="92" type="stmt" count="1"/>
        <line num="94" type="stmt" count="1"/>
        <line num="96" type="stmt" count="1"/>
        <line num="97" type="stmt" count="1"/>
        <line num="98" type="stmt" count="1"/>
        <line num="100" type="stmt" count="0"/>
        <line num="101" type="stmt" count="0"/>
        <line num="111" type="method" name="destroy" visibility="public" complexity="4" crap="6.60" count="1"/>
        <line num="113" type="stmt" count="1"/>
        <line num="115" type="stmt" count="1"/>
        <line num="116" type="stmt" count="1"/>
        <line num="118" type="stmt" count="1"/>
        <line num="119" type="stmt" count="1"/>
        <line num="120" type="stmt" count="0"/>
        <line num="121" type="stmt" count="0"/>
        <line num="122" type="stmt" count="0"/>
        <line num="123" type="stmt" count="0"/>
        <line num="126" type="stmt" count="0"/>
        <line num="127" type="stmt" count="0"/>
        <metrics loc="130" ncloc="95" classes="1" methods="6" coveredmethods="1" conditionals="0" coveredconditionals="0" statements="42" coveredstatements="28" elements="48" coveredelements="29"/>
      </file>
      <file name="/home/evg/project1/php-project-lvl4/app/Http/Controllers/UserController.php">
        <class name="App\Http\Controllers\UserController" namespace="App\Http\Controllers">
          <metrics complexity="1" methods="1" coveredmethods="0" conditionals="0" coveredconditionals="0" statements="2" coveredstatements="0" elements="3" coveredelements="0"/>
        </class>
        <line num="9" type="method" name="index" visibility="public" complexity="1" crap="2" count="0"/>
        <line num="11" type="stmt" count="0"/>
        <line num="12" type="stmt" count="0"/>
        <metrics loc="14" ncloc="14" classes="1" methods="1" coveredmethods="0" conditionals="0" coveredconditionals="0" statements="2" coveredstatements="0" elements="3" coveredelements="0"/>
      </file>
    </package>
    <package name="App\Http">
      <file name="/home/evg/project1/php-project-lvl4/app/Http/Kernel.php">
        <class name="App\Http\Kernel" namespace="App\Http">
          <metrics complexity="0" methods="0" coveredmethods="0" conditionals="0" coveredconditionals="0" statements="0" coveredstatements="0" elements="0" coveredelements="0"/>
        </class>
        <metrics loc="69" ncloc="46" classes="0" methods="0" coveredmethods="0" conditionals="0" coveredconditionals="0" statements="0" coveredstatements="0" elements="0" coveredelements="0"/>
      </file>
    </package>
    <package name="App\Http\Middleware">
      <file name="/home/evg/project1/php-project-lvl4/app/Http/Middleware/Authenticate.php">
        <class name="App\Http\Middleware\Authenticate" namespace="App\Http\Middleware">
          <metrics complexity="2" methods="1" coveredmethods="0" conditionals="0" coveredconditionals="0" statements="3" coveredstatements="0" elements="4" coveredelements="0"/>
        </class>
        <line num="15" type="method" name="redirectTo" visibility="protected" complexity="2" crap="6" count="0"/>
        <line num="17" type="stmt" count="0"/>
        <line num="18" type="stmt" count="0"/>
        <line num="20" type="stmt" count="0"/>
        <metrics loc="21" ncloc="15" classes="1" methods="1" coveredmethods="0" conditionals="0" coveredconditionals="0" statements="3" coveredstatements="0" elements="4" coveredelements="0"/>
      </file>
      <file name="/home/evg/project1/php-project-lvl4/app/Http/Middleware/CheckForMaintenanceMode.php">
        <class name="App\Http\Middleware\CheckForMaintenanceMode" namespace="App\Http\Middleware">
          <metrics complexity="0" methods="0" coveredmethods="0" conditionals="0" coveredconditionals="0" statements="0" coveredstatements="0" elements="0" coveredelements="0"/>
        </class>
        <metrics loc="17" ncloc="10" classes="0" methods="0" coveredmethods="0" conditionals="0" coveredconditionals="0" statements="0" coveredstatements="0" elements="0" coveredelements="0"/>
      </file>
      <file name="/home/evg/project1/php-project-lvl4/app/Http/Middleware/EncryptCookies.php">
        <class name="App\Http\Middleware\EncryptCookies" namespace="App\Http\Middleware">
          <metrics complexity="0" methods="0" coveredmethods="0" conditionals="0" coveredconditionals="0" statements="0" coveredstatements="0" elements="0" coveredelements="0"/>
        </class>
        <metrics loc="17" ncloc="10" classes="0" methods="0" coveredmethods="0" conditionals="0" coveredconditionals="0" statements="0" coveredstatements="0" elements="0" coveredelements="0"/>
      </file>
      <file name="/home/evg/project1/php-project-lvl4/app/Http/Middleware/Locale.php">
        <class name="App\Http\Middleware\Locale" namespace="App\Http\Middleware">
          <metrics complexity="2" methods="1" coveredmethods="0" conditionals="0" coveredconditionals="0" statements="3" coveredstatements="2" elements="4" coveredelements="2"/>
        </class>
        <line num="17" type="method" name="handle" visibility="public" complexity="2" crap="2.15" count="13"/>
        <line num="19" type="stmt" count="13"/>
        <line num="20" type="stmt" count="0"/>
        <line num="22" type="stmt" count="13"/>
        <metrics loc="24" ncloc="17" classes="1" methods="1" coveredmethods="0" conditionals="0" coveredconditionals="0" statements="3" coveredstatements="2" elements="4" coveredelements="2"/>
      </file>
      <file name="/home/evg/project1/php-project-lvl4/app/Http/Middleware/RedirectIfAuthenticated.php">
        <class name="App\Http\Middleware\RedirectIfAuthenticated" namespace="App\Http\Middleware">
          <metrics complexity="2" methods="1" coveredmethods="0" conditionals="0" coveredconditionals="0" statements="3" coveredstatements="0" elements="4" coveredelements="0"/>
        </class>
        <line num="19" type="method" name="handle" visibility="public" complexity="2" crap="6" count="0"/>
        <line num="21" type="stmt" count="0"/>
        <line num="22" type="stmt" count="0"/>
        <line num="25" type="stmt" count="0"/>
        <metrics loc="27" ncloc="19" classes="1" methods="1" coveredmethods="0" conditionals="0" coveredconditionals="0" statements="3" coveredstatements="0" elements="4" coveredelements="0"/>
      </file>
      <file name="/home/evg/project1/php-project-lvl4/app/Http/Middleware/Rollbar.php">
        <class name="App\Http\Middleware\Rollbar" namespace="App\Http\Middleware">
          <metrics complexity="1" methods="1" coveredmethods="1" conditionals="0" coveredconditionals="0" statements="2" coveredstatements="2" elements="3" coveredelements="3"/>
        </class>
        <line num="16" type="method" name="handle" visibility="public" complexity="1" crap="1" count="13"/>
        <line num="18" type="stmt" count="13"/>
        <line num="19" type="stmt" count="13"/>
        <metrics loc="21" ncloc="14" classes="1" methods="1" coveredmethods="1" conditionals="0" coveredconditionals="0" statements="2" coveredstatements="2" elements="3" coveredelements="3"/>
      </file>
      <file name="/home/evg/project1/php-project-lvl4/app/Http/Middleware/TrimStrings.php">
        <class name="App\Http\Middleware\TrimStrings" namespace="App\Http\Middleware">
          <metrics complexity="0" methods="0" coveredmethods="0" conditionals="0" coveredconditionals="0" statements="0" coveredstatements="0" elements="0" coveredelements="0"/>
        </class>
        <metrics loc="18" ncloc="13" classes="0" methods="0" coveredmethods="0" conditionals="0" coveredconditionals="0" statements="0" coveredstatements="0" elements="0" coveredelements="0"/>
      </file>
      <file name="/home/evg/project1/php-project-lvl4/app/Http/Middleware/TrustHosts.php">
        <class name="App\Http\Middleware\TrustHosts" namespace="App\Http\Middleware">
          <metrics complexity="1" methods="1" coveredmethods="0" conditionals="0" coveredconditionals="0" statements="1" coveredstatements="0" elements="2" coveredelements="0"/>
        </class>
        <line num="14" type="method" name="hosts" visibility="public" complexity="1" crap="2" count="0"/>
        <line num="17" type="stmt" count="0"/>
        <metrics loc="20" ncloc="15" classes="1" methods="1" coveredmethods="0" conditionals="0" coveredconditionals="0" statements="1" coveredstatements="0" elements="2" coveredelements="0"/>
      </file>
      <file name="/home/evg/project1/php-project-lvl4/app/Http/Middleware/TrustProxies.php">
        <class name="App\Http\Middleware\TrustProxies" namespace="App\Http\Middleware">
          <metrics complexity="0" methods="0" coveredmethods="0" conditionals="0" coveredconditionals="0" statements="0" coveredstatements="0" elements="0" coveredelements="0"/>
        </class>
        <metrics loc="23" ncloc="13" classes="0" methods="0" coveredmethods="0" conditionals="0" coveredconditionals="0" statements="0" coveredstatements="0" elements="0" coveredelements="0"/>
      </file>
      <file name="/home/evg/project1/php-project-lvl4/app/Http/Middleware/VerifyCsrfToken.php">
        <class name="App\Http\Middleware\VerifyCsrfToken" namespace="App\Http\Middleware">
          <metrics complexity="0" methods="0" coveredmethods="0" conditionals="0" coveredconditionals="0" statements="0" coveredstatements="0" elements="0" coveredelements="0"/>
        </class>
        <metrics loc="17" ncloc="10" classes="0" methods="0" coveredmethods="0" conditionals="0" coveredconditionals="0" statements="0" coveredstatements="0" elements="0" coveredelements="0"/>
      </file>
    </package>
    <package name="App\Jobs">
      <file name="/home/evg/project1/php-project-lvl4/app/Jobs/SendWelcomEmail.php">
        <class name="App\Jobs\SendWelcomEmail" namespace="App\Jobs">
          <metrics complexity="3" methods="2" coveredmethods="0" conditionals="0" coveredconditionals="0" statements="9" coveredstatements="0" elements="11" coveredelements="0"/>
        </class>
        <line num="30" type="method" name="__construct" visibility="public" complexity="1" crap="2" count="0"/>
        <line num="32" type="stmt" count="0"/>
        <line num="33" type="stmt" count="0"/>
        <line num="40" type="method" name="handle" visibility="public" complexity="2" crap="6" count="0"/>
        <line num="43" type="stmt" count="0"/>
        <line num="44" type="stmt" count="0"/>
        <line num="45" type="stmt" count="0"/>
        <line num="46" type="stmt" count="0"/>
        <line num="47" type="stmt" count="0"/>
        <line num="48" type="stmt" count="0"/>
        <line num="50" type="stmt" count="0"/>
        <metrics loc="51" ncloc="41" classes="1" methods="2" coveredmethods="0" conditionals="0" coveredconditionals="0" statements="9" coveredstatements="0" elements="11" coveredelements="0"/>
      </file>
    </package>
    <package name="App">
      <file name="/home/evg/project1/php-project-lvl4/app/Label.php">
        <class name="App\Label" namespace="App">
          <metrics complexity="1" methods="1" coveredmethods="1" conditionals="0" coveredconditionals="0" statements="1" coveredstatements="1" elements="2" coveredelements="2"/>
        </class>
        <line num="12" type="method" name="task" visibility="public" complexity="1" crap="1" count="1"/>
        <line num="14" type="stmt" count="1"/>
        <metrics loc="16" ncloc="16" classes="1" methods="1" coveredmethods="1" conditionals="0" coveredconditionals="0" statements="1" coveredstatements="1" elements="2" coveredelements="2"/>
      </file>
      <file name="/home/evg/project1/php-project-lvl4/app/Task.php">
        <class name="App\Task" namespace="App">
          <metrics complexity="4" methods="4" coveredmethods="4" conditionals="0" coveredconditionals="0" statements="4" coveredstatements="4" elements="8" coveredelements="8"/>
        </class>
        <line num="11" type="method" name="creator" visibility="public" complexity="1" crap="1" count="2"/>
        <line num="13" type="stmt" count="2"/>
        <line num="16" type="method" name="assigner" visibility="public" complexity="1" crap="1" count="1"/>
        <line num="18" type="stmt" count="1"/>
        <line num="21" type="method" name="status" visibility="public" complexity="1" crap="1" count="1"/>
        <line num="23" type="stmt" count="1"/>
        <line num="26" type="method" name="label" visibility="public" complexity="1" crap="1" count="6"/>
        <line num="28" type="stmt" count="6"/>
        <metrics loc="30" ncloc="30" classes="1" methods="4" coveredmethods="4" conditionals="0" coveredconditionals="0" statements="4" coveredstatements="4" elements="8" coveredelements="8"/>
      </file>
      <file name="/home/evg/project1/php-project-lvl4/app/TaskStatus.php">
        <class name="App\TaskStatus" namespace="App">
          <metrics complexity="0" methods="0" coveredmethods="0" conditionals="0" coveredconditionals="0" statements="0" coveredstatements="0" elements="0" coveredelements="0"/>
        </class>
        <metrics loc="11" ncloc="11" classes="0" methods="0" coveredmethods="0" conditionals="0" coveredconditionals="0" statements="0" coveredstatements="0" elements="0" coveredelements="0"/>
      </file>
      <file name="/home/evg/project1/php-project-lvl4/app/User.php">
        <class name="App\User" namespace="App">
          <metrics complexity="1" methods="1" coveredmethods="0" conditionals="0" coveredconditionals="0" statements="2" coveredstatements="0" elements="3" coveredelements="0"/>
        </class>
        <line num="40" type="method" name="tasks" visibility="public" complexity="1" crap="2" count="0"/>
        <line num="42" type="stmt" count="0"/>
        <line num="43" type="stmt" count="0"/>
        <metrics loc="44" ncloc="29" classes="1" methods="1" coveredmethods="0" conditionals="0" coveredconditionals="0" statements="2" coveredstatements="0" elements="3" coveredelements="0"/>
      </file>
    </package>
    <package name="App\Mail">
      <file name="/home/evg/project1/php-project-lvl4/app/Mail/WelcomeLetter.php">
        <class name="App\Mail\WelcomeLetter" namespace="App\Mail">
          <metrics complexity="2" methods="2" coveredmethods="0" conditionals="0" coveredconditionals="0" statements="3" coveredstatements="0" elements="5" coveredelements="0"/>
        </class>
        <line num="20" type="method" name="__construct" visibility="public" complexity="1" crap="2" count="0"/>
        <line num="22" type="stmt" count="0"/>
        <line num="23" type="stmt" count="0"/>
        <line num="30" type="method" name="build" visibility="public" complexity="1" crap="2" count="0"/>
        <line num="32" type="stmt" count="0"/>
        <metrics loc="34" ncloc="24" classes="1" methods="2" coveredmethods="0" conditionals="0" coveredconditionals="0" statements="3" coveredstatements="0" elements="5" coveredelements="0"/>
      </file>
    </package>
    <package name="App\Providers">
      <file name="/home/evg/project1/php-project-lvl4/app/Providers/AppServiceProvider.php">
        <class name="App\Providers\AppServiceProvider" namespace="App\Providers">
          <metrics complexity="4" methods="2" coveredmethods="0" conditionals="0" coveredconditionals="0" statements="7" coveredstatements="4" elements="9" coveredelements="4"/>
        </class>
        <line num="15" type="method" name="register" visibility="public" complexity="2" crap="2.50" count="17"/>
        <line num="17" type="stmt" count="17"/>
        <line num="18" type="stmt" count="0"/>
        <line num="19" type="stmt" count="0"/>
        <line num="21" type="stmt" count="17"/>
        <line num="28" type="method" name="boot" visibility="public" complexity="2" crap="2.15" count="17"/>
        <line num="30" type="stmt" count="17"/>
        <line num="31" type="stmt" count="0"/>
        <line num="33" type="stmt" count="17"/>
        <metrics loc="34" ncloc="24" classes="1" methods="2" coveredmethods="0" conditionals="0" coveredconditionals="0" statements="7" coveredstatements="4" elements="9" coveredelements="4"/>
      </file>
      <file name="/home/evg/project1/php-project-lvl4/app/Providers/AuthServiceProvider.php">
        <class name="App\Providers\AuthServiceProvider" namespace="App\Providers">
          <metrics complexity="1" methods="1" coveredmethods="0" conditionals="0" coveredconditionals="0" statements="12" coveredstatements="11" elements="13" coveredelements="11"/>
        </class>
        <line num="24" type="method" name="boot" visibility="public" complexity="1" crap="1.00" count="17"/>
        <line num="26" type="stmt" count="17"/>
        <line num="29" type="stmt" count="5"/>
        <line num="30" type="stmt" count="17"/>
        <line num="33" type="stmt" count="4"/>
        <line num="34" type="stmt" count="17"/>
        <line num="37" type="stmt" count="1"/>
        <line num="38" type="stmt" count="17"/>
        <line num="41" type="stmt" count="0"/>
        <line num="42" type="stmt" count="17"/>
        <line num="45" type="stmt" count="2"/>
        <line num="46" type="stmt" count="17"/>
        <line num="47" type="stmt" count="17"/>
        <metrics loc="48" ncloc="36" classes="1" methods="1" coveredmethods="0" conditionals="0" coveredconditionals="0" statements="12" coveredstatements="11" elements="13" coveredelements="11"/>
      </file>
      <file name="/home/evg/project1/php-project-lvl4/app/Providers/BroadcastServiceProvider.php">
        <class name="App\Providers\BroadcastServiceProvider" namespace="App\Providers">
          <metrics complexity="1" methods="1" coveredmethods="0" conditionals="0" coveredconditionals="0" statements="3" coveredstatements="0" elements="4" coveredelements="0"/>
        </class>
        <line num="15" type="method" name="boot" visibility="public" complexity="1" crap="2" count="0"/>
        <line num="17" type="stmt" count="0"/>
        <line num="19" type="stmt" count="0"/>
        <line num="20" type="stmt" count="0"/>
        <metrics loc="21" ncloc="16" classes="1" methods="1" coveredmethods="0" conditionals="0" coveredconditionals="0" statements="3" coveredstatements="0" elements="4" coveredelements="0"/>
      </file>
      <file name="/home/evg/project1/php-project-lvl4/app/Providers/EventServiceProvider.php">
        <class name="App\Providers\EventServiceProvider" namespace="App\Providers">
          <metrics complexity="1" methods="1" coveredmethods="1" conditionals="0" coveredconditionals="0" statements="2" coveredstatements="2" elements="3" coveredelements="3"/>
        </class>
        <line num="28" type="method" name="boot" visibility="public" complexity="1" crap="1" count="17"/>
        <line num="30" type="stmt" count="17"/>
        <line num="33" type="stmt" count="17"/>
        <metrics loc="34" ncloc="22" classes="1" methods="1" coveredmethods="1" conditionals="0" coveredconditionals="0" statements="2" coveredstatements="2" elements="3" coveredelements="3"/>
      </file>
      <file name="/home/evg/project1/php-project-lvl4/app/Providers/RouteServiceProvider.php">
        <class name="App\Providers\RouteServiceProvider" namespace="App\Providers">
          <metrics complexity="4" methods="4" coveredmethods="4" conditionals="0" coveredconditionals="0" statements="14" coveredstatements="14" elements="18" coveredelements="18"/>
        </class>
        <line num="31" type="method" name="boot" visibility="public" complexity="1" crap="1" count="17"/>
        <line num="35" type="stmt" count="17"/>
        <line num="36" type="stmt" count="17"/>
        <line num="43" type="method" name="map" visibility="public" complexity="1" crap="1" count="17"/>
        <line num="45" type="stmt" count="17"/>
        <line num="47" type="stmt" count="17"/>
        <line num="50" type="stmt" count="17"/>
        <line num="59" type="method" name="mapWebRoutes" visibility="protected" complexity="1" crap="1" count="17"/>
        <line num="61" type="stmt" count="17"/>
        <line num="62" type="stmt" count="17"/>
        <line num="63" type="stmt" count="17"/>
        <line num="64" type="stmt" count="17"/>
        <line num="73" type="method" name="mapApiRoutes" visibility="protected" complexity="1" crap="1" count="17"/>
        <line num="75" type="stmt" count="17"/>
        <line num="76" type="stmt" count="17"/>
        <line num="77" type="stmt" count="17"/>
        <line num="78" type="stmt" count="17"/>
        <line num="79" type="stmt" count="17"/>
        <metrics loc="80" ncloc="40" classes="1" methods="4" coveredmethods="4" conditionals="0" coveredconditionals="0" statements="14" coveredstatements="14" elements="18" coveredelements="18"/>
      </file>
      <file name="/home/evg/project1/php-project-lvl4/app/Providers/TelescopeServiceProvider.php">
        <class name="App\Providers\TelescopeServiceProvider" namespace="App\Providers">
          <metrics complexity="9" methods="3" coveredmethods="0" conditionals="0" coveredconditionals="0" statements="20" coveredstatements="0" elements="23" coveredelements="0"/>
        </class>
        <line num="17" type="method" name="register" visibility="public" complexity="6" crap="42" count="0"/>
        <line num="21" type="stmt" count="0"/>
        <line num="24" type="stmt" count="0"/>
        <line num="25" type="stmt" count="0"/>
        <line num="28" type="stmt" count="0"/>
        <line num="29" type="stmt" count="0"/>
        <line num="30" type="stmt" count="0"/>
        <line num="31" type="stmt" count="0"/>
        <line num="32" type="stmt" count="0"/>
        <line num="33" type="stmt" count="0"/>
        <line num="34" type="stmt" count="0"/>
        <line num="41" type="method" name="hideSensitiveRequestDetails" visibility="protected" complexity="2" crap="6" count="0"/>
        <line num="43" type="stmt" count="0"/>
        <line num="44" type="stmt" count="0"/>
        <line num="47" type="stmt" count="0"/>
        <line num="49" type="stmt" count="0"/>
        <line num="50" type="stmt" count="0"/>
        <line num="54" type="stmt" count="0"/>
        <line num="63" type="method" name="gate" visibility="protected" complexity="1" crap="2" count="0"/>
        <line num="66" type="stmt" count="0"/>
        <line num="68" type="stmt" count="0"/>
        <line num="69" type="stmt" count="0"/>
        <line num="70" type="stmt" count="0"/>
        <metrics loc="71" ncloc="50" classes="1" methods="3" coveredmethods="0" conditionals="0" coveredconditionals="0" statements="20" coveredstatements="0" elements="23" coveredelements="0"/>
      </file>
    </package>
    <metrics files="37" loc="1567" ncloc="1065" classes="27" methods="59" coveredmethods="17" conditionals="0" coveredconditionals="0" statements="262" coveredstatements="139" elements="321" coveredelements="156"/>
  </project>
</coverage>
